<?xml version="1.0" encoding="UTF-8"?>
<!-- Generated by org.testng.reporters.JUnitReportReporter -->
<testsuite skipped="0" hostname="DESKTOP-HPT6DCS" name="com.tqa.qa.testcase.HomePageTest" tests="1" failures="0" timestamp="16 Feb 2020 09:34:11 GMT" time="19.798" errors="0">
  <testcase name="switchTowindow" time="19.798" classname="com.tqa.qa.testcase.HomePageTest"/>
</testsuite> <!-- com.tqa.qa.testcase.HomePageTest -->
