<?xml version="1.0" encoding="UTF-8"?>
<!-- Generated by org.testng.reporters.JUnitReportReporter -->
<testsuite skipped="0" hostname="DESKTOP-HPT6DCS" name="com.tqa.qa.testcase.LoginPageTest" tests="1" failures="0" timestamp="16 Feb 2020 07:16:08 GMT" time="15.388" errors="0">
  <testcase name="login" time="15.388" classname="com.tqa.qa.testcase.LoginPageTest"/>
</testsuite> <!-- com.tqa.qa.testcase.LoginPageTest -->
